This is pdfTeX, Version 3.1415926-2.3-1.40.12 (MiKTeX 2.9) (preloaded format=pdflatex 2012.3.30)  7 JUN 2012 16:02
entering extended mode
**D:/UNIVERSIDAD/TRABAJO*DE*TITULO/Tesis/Diseño/Diseño*Final/informe3-Final.t
ex

("D:/UNIVERSIDAD/TRABAJO DE TITULO/Tesis/Diseño/Diseño Final/informe3-Final.t
ex"
LaTeX2e <2011/06/27>
Babel <v3.8m> and hyphenation patterns for english, afrikaans, ancientgreek, ar
abic, armenian, assamese, basque, bengali, bokmal, bulgarian, catalan, coptic, 
croatian, czech, danish, dutch, esperanto, estonian, farsi, finnish, french, ga
lician, german, german-x-2009-06-19, greek, gujarati, hindi, hungarian, iceland
ic, indonesian, interlingua, irish, italian, kannada, kurmanji, lao, latin, lat
vian, lithuanian, malayalam, marathi, mongolian, mongolianlmc, monogreek, ngerm
an, ngerman-x-2009-06-19, nynorsk, oriya, panjabi, pinyin, polish, portuguese, 
romanian, russian, sanskrit, serbian, slovak, slovenian, spanish, swedish, swis
sgerman, tamil, telugu, turkish, turkmen, ukenglish, ukrainian, uppersorbian, u
senglishmax, welsh, loaded.
(D:\MiKTeX\tex\latex\base\article.cls
Document Class: article 2007/10/19 v1.4h Standard LaTeX document class
(D:\MiKTeX\tex\latex\base\size12.clo
File: size12.clo 2007/10/19 v1.4h Standard LaTeX file (size option)
)
\c@part=\count79
\c@section=\count80
\c@subsection=\count81
\c@subsubsection=\count82
\c@paragraph=\count83
\c@subparagraph=\count84
\c@figure=\count85
\c@table=\count86
\abovecaptionskip=\skip41
\belowcaptionskip=\skip42
\bibindent=\dimen102
) (D:\MiKTeX\tex\latex\base\inputenc.sty
Package: inputenc 2008/03/30 v1.1d Input encoding file
\inpenc@prehook=\toks14
\inpenc@posthook=\toks15

(D:\MiKTeX\tex\latex\base\latin1.def
File: latin1.def 2008/03/30 v1.1d Input encoding file
)) (D:\MiKTeX\tex\generic\babel\babel.sty
Package: babel 2008/07/08 v3.8m The Babel package

*************************************
* Local config file bblopts.cfg used
*
(D:\MiKTeX\tex\latex\00miktex\bblopts.cfg
File: bblopts.cfg 2006/07/31 v1.0 MiKTeX 'babel' configuration
)
(D:\MiKTeX\tex\generic\babel\spanish.ldf
Language: spanish.ldf 2009/01/02 v5.0h Spanish support from the babel system
 (D:\MiKTeX\tex\generic\babel\babel.def
File: babel.def 2008/07/08 v3.8m Babel common definitions
\babel@savecnt=\count87
\U@D=\dimen103
)
\es@datefmt=\count88
\es@quottoks=\toks16
\es@quotdepth=\count89
Package babel Info: Making " an active character on input line 492.
Package babel Info: Making . an active character on input line 585.
Package babel Info: Making < an active character on input line 630.
Package babel Info: Making > an active character on input line 630.
)) (D:\MiKTeX\tex\latex\graphics\graphicx.sty
Package: graphicx 1999/02/16 v1.0f Enhanced LaTeX Graphics (DPC,SPQR)

(D:\MiKTeX\tex\latex\graphics\keyval.sty
Package: keyval 1999/03/16 v1.13 key=value parser (DPC)
\KV@toks@=\toks17
)
(D:\MiKTeX\tex\latex\graphics\graphics.sty
Package: graphics 2009/02/05 v1.0o Standard LaTeX Graphics (DPC,SPQR)

(D:\MiKTeX\tex\latex\graphics\trig.sty
Package: trig 1999/03/16 v1.09 sin cos tan (DPC)
)
(D:\MiKTeX\tex\latex\00miktex\graphics.cfg
File: graphics.cfg 2007/01/18 v1.5 graphics configuration of teTeX/TeXLive
)
Package graphics Info: Driver file: pdftex.def on input line 91.

(D:\MiKTeX\tex\latex\pdftex-def\pdftex.def
File: pdftex.def 2011/05/27 v0.06d Graphics/color for pdfTeX

(D:\MiKTeX\tex\generic\oberdiek\infwarerr.sty
Package: infwarerr 2010/04/08 v1.3 Providing info/warning/message (HO)
)
(D:\MiKTeX\tex\generic\oberdiek\ltxcmds.sty
Package: ltxcmds 2011/04/18 v1.20 LaTeX kernel commands for general use (HO)
)
\Gread@gobject=\count90
))
\Gin@req@height=\dimen104
\Gin@req@width=\dimen105
)
(D:\MiKTeX\tex\latex\graphics\epsfig.sty
Package: epsfig 1999/02/16 v1.7a (e)psfig emulation (SPQR)
\epsfxsize=\dimen106
\epsfysize=\dimen107
)
(D:\MiKTeX\tex\latex\rotating\rotating.sty
Package: rotating 2009/03/28 v2.16a rotated objects in LaTeX
 (D:\MiKTeX\tex\latex\base\ifthen.sty
Package: ifthen 2001/05/26 v1.1c Standard LaTeX ifthen package (DPC)
)
\c@r@tfl@t=\count91
\rotFPtop=\skip43
\rotFPbot=\skip44
\rot@float@box=\box26
\rot@mess@toks=\toks18
) (D:\MiKTeX\tex\latex\multirow\multirow.sty
\bigstrutjot=\dimen108
)
(D:\MiKTeX\tex\latex\tools\array.sty
Package: array 2008/09/09 v2.4c Tabular extension package (FMi)
\col@sep=\dimen109
\extrarowheight=\dimen110
\NC@list=\toks19
\extratabsurround=\skip45
\backup@length=\skip46
) (D:\MiKTeX\tex\latex\tools\longtable.sty
Package: longtable 2004/02/01 v4.11 Multi-page Table package (DPC)
\LTleft=\skip47
\LTright=\skip48
\LTpre=\skip49
\LTpost=\skip50
\LTchunksize=\count92
\LTcapwidth=\dimen111
\LT@head=\box27
\LT@firsthead=\box28
\LT@foot=\box29
\LT@lastfoot=\box30
\LT@cols=\count93
\LT@rows=\count94
\c@LT@tables=\count95
\c@LT@chunks=\count96
\LT@p@ftn=\toks20
) (D:\MiKTeX\tex\latex\base\fontenc.sty
Package: fontenc 2005/09/27 v1.99g Standard LaTeX package
)
(D:\MiKTeX\tex\latex\tocbibind\tocbibind.sty
Package: tocbibind 2010/10/13 v1.5k extra ToC listings
Package tocbibind Info: The document has section divisions on input line 50.


Package tocbibind Note: Using section or other style headings.

) (D:\MiKTeX\tex\latex\ltxmisc\url.sty
\Urlmuskip=\muskip10
Package: url 2006/04/12  ver 3.3  Verb mode for urls, etc.
)
(D:\MiKTeX\tex\latex\booktabs\booktabs.sty
Package: booktabs 2005/04/14 v1.61803 publication quality tables
\heavyrulewidth=\dimen112
\lightrulewidth=\dimen113
\cmidrulewidth=\dimen114
\belowrulesep=\dimen115
\belowbottomsep=\dimen116
\aboverulesep=\dimen117
\abovetopsep=\dimen118
\cmidrulesep=\dimen119
\cmidrulekern=\dimen120
\defaultaddspace=\dimen121
\@cmidla=\count97
\@cmidlb=\count98
\@aboverulesep=\dimen122
\@belowrulesep=\dimen123
\@thisruleclass=\count99
\@lastruleclass=\count100
\@thisrulewidth=\dimen124
)
(D:\MiKTeX\tex\latex\Tabbing\tabbing.sty

LaTeX Warning: You have requested package `tabbing',
               but the package provides `Tabbing'.

Package: Tabbing 1997/12/18 v1.0 Tabbing environment (JPFD)
) (D:\MiKTeX\tex\latex\float\float.sty
Package: float 2001/11/08 v1.3d Float enhancements (AL)
\c@float@type=\count101
\float@exts=\toks21
\float@box=\box31
\@float@everytoks=\toks22
\@floatcapt=\box32
)
(D:\MiKTeX\tex\latex\slashbox\slashbox.sty
slashbox style by K.Yasuoka, May 1993.
\@slashboxa=\box33
\@slashboxb=\box34
\@slashboxc=\box35
\@slashboxwd=\count102
\@slashboxht=\count103
\@slashsepl=\dimen125
\@slashsepr=\dimen126
) (D:\MiKTeX\tex\latex\colortbl\colortbl.sty
Package: colortbl 2001/02/13 v0.1j Color table columns (DPC)

(D:\MiKTeX\tex\latex\graphics\color.sty
Package: color 2005/11/14 v1.0j Standard LaTeX Color (DPC)
 (D:\MiKTeX\tex\latex\00miktex\color.cfg
File: color.cfg 2007/01/18 v1.5 color configuration of teTeX/TeXLive
)
Package color Info: Driver file: pdftex.def on input line 130.
)
\everycr=\toks23
\minrowclearance=\skip51
)
("D:\UNIVERSIDAD\TRABAJO DE TITULO\Tesis\Diseño\Diseño Final\informe3-Final.a
ux")
LaTeX Font Info:    Checking defaults for OML/cmm/m/it on input line 44.
LaTeX Font Info:    ... okay on input line 44.
LaTeX Font Info:    Checking defaults for T1/cmr/m/n on input line 44.
LaTeX Font Info:    ... okay on input line 44.
LaTeX Font Info:    Checking defaults for OT1/cmr/m/n on input line 44.
LaTeX Font Info:    ... okay on input line 44.
LaTeX Font Info:    Checking defaults for OMS/cmsy/m/n on input line 44.
LaTeX Font Info:    ... okay on input line 44.
LaTeX Font Info:    Checking defaults for OMX/cmex/m/n on input line 44.
LaTeX Font Info:    ... okay on input line 44.
LaTeX Font Info:    Checking defaults for U/cmr/m/n on input line 44.
LaTeX Font Info:    ... okay on input line 44.
 (D:\MiKTeX\tex\context\base\supp-pdf.mkii
[Loading MPS to PDF converter (version 2006.09.02).]
\scratchcounter=\count104
\scratchdimen=\dimen127
\scratchbox=\box36
\nofMPsegments=\count105
\nofMParguments=\count106
\everyMPshowfont=\toks24
\MPscratchCnt=\count107
\MPscratchDim=\dimen128
\MPnumerator=\count108
\makeMPintoPDFobject=\count109
\everyMPtoPDFconversion=\toks25
) <logoUV.png, id=1, 240.9pt x 113.42375pt>
File: logoUV.png Graphic file (type png)
 <use logoUV.png>
Package pdftex.def Info: logoUV.png used on input line 48.
(pdftex.def)             Requested size: 113.81102pt x 53.58607pt.
 [1

{C:/Users/Felipe/AppData/Local/MiKTeX/2.9/pdftex/config/pdftex.map} <D:/UNIVERS
IDAD/TRABAJO DE TITULO/Tesis/Diseño/Diseño Final/logoUV.png>]
("D:\UNIVERSIDAD\TRABAJO DE TITULO\Tesis\Diseño\Diseño Final\informe3-Final.t
oc"
LaTeX Font Info:    External font `cmex10' loaded for size
(Font)              <12> on input line 4.
LaTeX Font Info:    External font `cmex10' loaded for size
(Font)              <8> on input line 4.
LaTeX Font Info:    External font `cmex10' loaded for size
(Font)              <6> on input line 4.
)
\tf@toc=\write3
 [2]
("D:\UNIVERSIDAD\TRABAJO DE TITULO\Tesis\Diseño\Diseño Final\informe3-Final.l
ot")
\tf@lot=\write4

("D:\UNIVERSIDAD\TRABAJO DE TITULO\Tesis\Diseño\Diseño Final\informe3-Final.l
of")
\tf@lof=\write5
 [3]
Underfull \hbox (badness 10000) in paragraph at lines 86--90

 []


Underfull \hbox (badness 10000) in paragraph at lines 91--97

 []


Underfull \hbox (badness 10000) in paragraph at lines 98--103

 []


Underfull \hbox (badness 10000) in paragraph at lines 104--110

 []


Underfull \hbox (badness 10000) in paragraph at lines 111--113

 []


Underfull \hbox (badness 10000) in paragraph at lines 114--116

 []

[4]
LaTeX Font Info:    Try loading font information for OMS+cmr on input line 124.

 (D:\MiKTeX\tex\latex\base\omscmr.fd
File: omscmr.fd 1999/05/25 v2.5h Standard LaTeX font definitions
)
LaTeX Font Info:    Font shape `OMS/cmr/m/n' in size <12> not available
(Font)              Font shape `OMS/cmsy/m/n' tried instead on input line 124.
 [5]
Underfull \hbox (badness 10000) in paragraph at lines 143--146

 []


Underfull \hbox (badness 10000) in paragraph at lines 147--151

 []

<ClienteServidor.png, id=27, 508.90125pt x 298.11375pt>
File: ClienteServidor.png Graphic file (type png)

<use ClienteServidor.png>
Package pdftex.def Info: ClienteServidor.png used on input line 173.
(pdftex.def)             Requested size: 170.71652pt x 100.00632pt.

Underfull \hbox (badness 10000) in paragraph at lines 179--184

 []

[6 <D:/UNIVERSIDAD/TRABAJO DE TITULO/Tesis/Diseño/Diseño Final/ClienteServido
r.png>]
Underfull \hbox (badness 10000) in paragraph at lines 190--191

 []


Underfull \hbox (badness 10000) in paragraph at lines 192--193

 []


Underfull \hbox (badness 10000) in paragraph at lines 195--199

 []


Underfull \hbox (badness 10000) in paragraph at lines 208--212

 []


Underfull \hbox (badness 10000) in paragraph at lines 223--227

 []

[7] <ArquitecturaWeb.png, id=36, 483.30562pt x 123.46124pt>
File: ArquitecturaWeb.png Graphic file (type png)

<use ArquitecturaWeb.png>
Package pdftex.def Info: ArquitecturaWeb.png used on input line 230.
(pdftex.def)             Requested size: 341.43306pt x 87.2229pt.

Underfull \hbox (badness 10000) in paragraph at lines 236--245

 []

<3capas.png, id=37, 216.81pt x 303.38344pt>
File: 3capas.png Graphic file (type png)
 <use 3capas.png>
Package pdftex.def Info: 3capas.png used on input line 248.
(pdftex.def)             Requested size: 142.26378pt x 199.081pt.

Underfull \hbox (badness 10000) in paragraph at lines 254--257

 []

[8 <D:/UNIVERSIDAD/TRABAJO DE TITULO/Tesis/Diseño/Diseño Final/ArquitecturaWe
b.png> <D:/UNIVERSIDAD/TRABAJO DE TITULO/Tesis/Diseño/Diseño Final/3capas.png
>]
Underfull \hbox (badness 10000) in paragraph at lines 259--268

 []


Underfull \hbox (badness 10000) in paragraph at lines 268--276

 []

<CapaNegocio.png, id=43, 608.2725pt x 143.03438pt>
File: CapaNegocio.png Graphic file (type png)
 <use CapaNegocio.png>
Package pdftex.def Info: CapaNegocio.png used on input line 282.
(pdftex.def)             Requested size: 426.79134pt x 100.36127pt.

Underfull \hbox (badness 10000) in paragraph at lines 292--296

 []

[9 <D:/UNIVERSIDAD/TRABAJO DE TITULO/Tesis/Diseño/Diseño Final/CapaNegocio.pn
g>]
Underfull \hbox (badness 10000) in paragraph at lines 296--299

 []


Underfull \hbox (badness 10000) in paragraph at lines 299--302

 []


Underfull \hbox (badness 10000) in paragraph at lines 302--305

 []


Underfull \hbox (badness 10000) in paragraph at lines 305--308

 []


Underfull \hbox (badness 10000) in paragraph at lines 308--312

 []


Underfull \hbox (badness 10000) in paragraph at lines 317--320

 []

[10]
Underfull \hbox (badness 10000) in paragraph at lines 342--346

 []


Underfull \hbox (badness 10000) in paragraph at lines 347--352

 []


Underfull \hbox (badness 10000) in paragraph at lines 353--358

 []

<ModeloControl.png, id=50, 560.0925pt x 129.48375pt>
File: ModeloControl.png Graphic file (type png)
 <use ModeloControl.png>
Package pdftex.def Info: ModeloControl.png used on input line 361.
(pdftex.def)             Requested size: 426.79134pt x 98.67143pt.

Underfull \hbox (badness 10000) in paragraph at lines 367--373

 []


Underfull \hbox (badness 10000) in paragraph at lines 377--383

 []

[11 <D:/UNIVERSIDAD/TRABAJO DE TITULO/Tesis/Diseño/Diseño Final/ModeloControl
.png>] <ComponentDiagram1.png, id=54, 831.105pt x 492.33937pt>
File: ComponentDiagram1.png Graphic file (type png)

<use ComponentDiagram1.png>
Package pdftex.def Info: ComponentDiagram1.png used on input line 386.
(pdftex.def)             Requested size: 426.79134pt x 252.82513pt.
 [12 <D:/UNIVERSIDAD/TRABAJO DE TITULO/Tesis/Diseño/Diseño Final/ComponentDia
gram1.png>] [13] [14]
Underfull \hbox (badness 10000) in paragraph at lines 499--504

 []


Underfull \hbox (badness 10000) in paragraph at lines 505--509

 []

<CicloPruebas.png, id=66, 248.42813pt x 244.66406pt>
File: CicloPruebas.png Graphic file (type png)
 <use CicloPruebas.png>
Package pdftex.def Info: CicloPruebas.png used on input line 512.
(pdftex.def)             Requested size: 284.52756pt x 280.23776pt.

Underfull \hbox (badness 10000) in paragraph at lines 518--525

 []


Underfull \hbox (badness 10000) in paragraph at lines 529--538

 []

[15 <D:/UNIVERSIDAD/TRABAJO DE TITULO/Tesis/Diseño/Diseño Final/CicloPruebas.
png>]
Underfull \hbox (badness 10000) in paragraph at lines 592--601

 []

[16]
Underfull \hbox (badness 10000) in paragraph at lines 612--612

 []


Underfull \hbox (badness 10000) in paragraph at lines 612--612

 []


Underfull \hbox (badness 10000) in paragraph at lines 613--613

 []


Underfull \hbox (badness 10000) in paragraph at lines 613--613

 []


Overfull \hbox (2.31854pt too wide) in paragraph at lines 604--620
 [] 
 []

[17]
("D:\UNIVERSIDAD\TRABAJO DE TITULO\Tesis\Diseño\Diseño Final\informe3-Final.b
bl") [18]
("D:\UNIVERSIDAD\TRABAJO DE TITULO\Tesis\Diseño\Diseño Final\informe3-Final.a
ux") ) 
Here is how much of TeX's memory you used:
 2777 strings out of 494045
 34433 string characters out of 3155638
 100190 words of memory out of 3000000
 6012 multiletter control sequences out of 15000+200000
 9370 words of font info for 33 fonts, out of 3000000 for 9000
 715 hyphenation exceptions out of 8191
 34i,15n,27p,944b,344s stack positions out of 5000i,500n,10000p,200000b,50000s
<D:/MiKTeX/fonts/type1/public/amsfonts/cm/cmbx10.pfb><D:/MiKTeX/fonts/typ
e1/public/amsfonts/cm/cmbx12.pfb><D:/MiKTeX/fonts/type1/public/amsfonts/cm/cmmi
12.pfb><D:/MiKTeX/fonts/type1/public/amsfonts/cm/cmmi8.pfb><D:/MiKTeX/fonts/typ
e1/public/amsfonts/cm/cmr10.pfb><D:/MiKTeX/fonts/type1/public/amsfonts/cm/cmr12
.pfb><D:/MiKTeX/fonts/type1/public/amsfonts/cm/cmr8.pfb><D:/MiKTeX/fonts/type1/
public/amsfonts/cm/cmsl12.pfb><D:/MiKTeX/fonts/type1/public/amsfonts/cm/cmsy10.
pfb><D:/MiKTeX/fonts/type1/public/amsfonts/cm/cmsy8.pfb><D:/MiKTeX/fonts/type1/
public/amsfonts/cm/cmti12.pfb><D:/MiKTeX/fonts/type1/public/amsfonts/cm/cmtt12.
pfb><D:/MiKTeX/fonts/type1/public/amsfonts/latxfont/line10.pfb>
Output written on informe3-Final.pdf (18 pages, 473180 bytes).
PDF statistics:
 126 PDF objects out of 1000 (max. 8388607)
 0 named destinations out of 1000 (max. 500000)
 41 words of extra memory for PDF output out of 10000 (max. 10000000)

